# JRE version: OpenJDK Runtime Environment Temurin-21.0.8+9 (21.0.8+9) (build 21.0.8+9-LTS)
# Java VM: OpenJDK 64-Bit Server VM Temurin-21.0.8+9 (21.0.8+9-LTS, mixed mode, sharing, tiered, compressed oops, compressed class ptrs, parallel gc, windows-amd64)
GC Precious Log:
 CardTable entry size: 512
 CPUs: 4 total, 4 available
 Memory: 8051M
 Large Page Support: Disabled
 NUMA Support: Disabled
 Compressed Oops: Enabled (32-bit)
 Alignments: Space 512K, Generation 512K, Heap 2M
 Heap Min Capacity: 100M
 Heap Initial Capacity: 100M
 Heap Max Capacity: 2G
 Pre-touch: Disabled
 Parallel Workers: 4
Heap:
 PSYoungGen      total 2560K, used 2495K [0x00000000d5580000, 0x00000000d5900000, 0x0000000100000000)
  eden space 2048K, 97% used [0x00000000d5580000,0x00000000d57746a8,0x00000000d5780000)
  from space 512K, 96% used [0x00000000d5880000,0x00000000d58fb800,0x00000000d5900000)
  to   space 512K, 95% used [0x00000000d5800000,0x00000000d587ac00,0x00000000d5880000)
 ParOldGen       total 491008K, used 491001K [0x0000000080000000, 0x000000009df80000, 0x00000000d5580000)
  object space 491008K, 99% used [0x0000000080000000,0x000000009df7e658,0x000000009df80000)
 Metaspace       used 70482K, committed 72064K, reserved 1114112K
  class space    used 7564K, committed 8256K, reserved 1048576K
GC Heap History (20 events):
Event: 73.141 GC heap before
{Heap before GC invocations=662 (full 3):
 PSYoungGen      total 1536K, used 1512K [0x00000000d5580000, 0x00000000d5c80000, 0x0000000100000000)
  eden space 512K, 99% used [0x00000000d5580000,0x00000000d55fff98,0x00000000d5600000)
  from space 1024K, 97% used [0x00000000d5880000,0x00000000d597a420,0x00000000d5980000)
  to   space 2560K, 0% used [0x00000000d5600000,0x00000000d5600000,0x00000000d5880000)
 ParOldGen       total 485376K, used 485074K [0x0000000080000000, 0x000000009da00000, 0x00000000d5580000)
  object space 485376K, 99% used [0x0000000080000000,0x000000009d9b4bd8,0x000000009da00000)
 Metaspace       used 69892K, committed 71552K, reserved 1114112K
  class space    used 7491K, committed 8192K, reserved 1048576K
}
Event: 73.145 GC heap after
{Heap after GC invocations=662 (full 3):
 PSYoungGen      total 1024K, used 512K [0x00000000d5580000, 0x00000000d5900000, 0x0000000100000000)
  eden space 512K, 0% used [0x00000000d5580000,0x00000000d5580000,0x00000000d5600000)
  from space 512K, 100% used [0x00000000d5600000,0x00000000d5680000,0x00000000d5680000)
  to   space 1024K, 0% used [0x00000000d5800000,0x00000000d5800000,0x00000000d5900000)
 ParOldGen       total 486400K, used 486097K [0x0000000080000000, 0x000000009db00000, 0x00000000d5580000)
  object space 486400K, 99% used [0x0000000080000000,0x000000009dab44c8,0x000000009db00000)
 Metaspace       used 69892K, committed 71552K, reserved 1114112K
  class space    used 7491K, committed 8192K, reserved 1048576K
}
Event: 73.149 GC heap before
{Heap before GC invocations=663 (full 3):
 PSYoungGen      total 1024K, used 1024K [0x00000000d5580000, 0x00000000d5900000, 0x0000000100000000)
  eden space 512K, 100% used [0x00000000d5580000,0x00000000d5600000,0x00000000d5600000)
  from space 512K, 100% used [0x00000000d5600000,0x00000000d5680000,0x00000000d5680000)
  to   space 1024K, 0% used [0x00000000d5800000,0x00000000d5800000,0x00000000d5900000)
 ParOldGen       total 486400K, used 486097K [0x0000000080000000, 0x000000009db00000, 0x00000000d5580000)
  object space 486400K, 99% used [0x0000000080000000,0x000000009dab44c8,0x000000009db00000)
 Metaspace       used 69892K, committed 71552K, reserved 1114112K
  class space    used 7491K, committed 8192K, reserved 1048576K
}
Event: 73.153 GC heap after
{Heap after GC invocations=663 (full 3):
 PSYoungGen      total 1536K, used 480K [0x00000000d5580000, 0x00000000d5880000, 0x0000000100000000)
  eden space 1024K, 0% used [0x00000000d5580000,0x00000000d5580000,0x00000000d5680000)
  from space 512K, 93% used [0x00000000d5800000,0x00000000d5878000,0x00000000d5880000)
  to   space 1024K, 0% used [0x00000000d5680000,0x00000000d5680000,0x00000000d5780000)
 ParOldGen       total 486912K, used 486553K [0x0000000080000000, 0x000000009db80000, 0x00000000d5580000)
  object space 486912K, 99% used [0x0000000080000000,0x000000009db264c8,0x000000009db80000)
 Metaspace       used 69892K, committed 71552K, reserved 1114112K
  class space    used 7491K, committed 8192K, reserved 1048576K
}
Event: 73.162 GC heap before
{Heap before GC invocations=664 (full 3):
 PSYoungGen      total 1536K, used 1504K [0x00000000d5580000, 0x00000000d5880000, 0x0000000100000000)
  eden space 1024K, 100% used [0x00000000d5580000,0x00000000d5680000,0x00000000d5680000)
  from space 512K, 93% used [0x00000000d5800000,0x00000000d5878000,0x00000000d5880000)
  to   space 1024K, 0% used [0x00000000d5680000,0x00000000d5680000,0x00000000d5780000)
 ParOldGen       total 486912K, used 486553K [0x0000000080000000, 0x000000009db80000, 0x00000000d5580000)
  object space 486912K, 99% used [0x0000000080000000,0x000000009db264c8,0x000000009db80000)
 Metaspace       used 69918K, committed 71552K, reserved 1114112K
  class space    used 7495K, committed 8192K, reserved 1048576K
}
Event: 73.165 GC heap after
{Heap after GC invocations=664 (full 3):
 PSYoungGen      total 2048K, used 832K [0x00000000d5580000, 0x00000000d5900000, 0x0000000100000000)
  eden space 1024K, 0% used [0x00000000d5580000,0x00000000d5580000,0x00000000d5680000)
  from space 1024K, 81% used [0x00000000d5680000,0x00000000d5750000,0x00000000d5780000)
  to   space 1024K, 0% used [0x00000000d5800000,0x00000000d5800000,0x00000000d5900000)
 ParOldGen       total 487424K, used 487017K [0x0000000080000000, 0x000000009dc00000, 0x00000000d5580000)
  object space 487424K, 99% used [0x0000000080000000,0x000000009db9a4c8,0x000000009dc00000)
 Metaspace       used 69918K, committed 71552K, reserved 1114112K
  class space    used 7495K, committed 8192K, reserved 1048576K
}
Event: 73.173 GC heap before
{Heap before GC invocations=665 (full 3):
 PSYoungGen      total 2048K, used 1856K [0x00000000d5580000, 0x00000000d5900000, 0x0000000100000000)
  eden space 1024K, 100% used [0x00000000d5580000,0x00000000d5680000,0x00000000d5680000)
  from space 1024K, 81% used [0x00000000d5680000,0x00000000d5750000,0x00000000d5780000)
  to   space 1024K, 0% used [0x00000000d5800000,0x00000000d5800000,0x00000000d5900000)
 ParOldGen       total 487424K, used 487017K [0x0000000080000000, 0x000000009dc00000, 0x00000000d5580000)
  object space 487424K, 99% used [0x0000000080000000,0x000000009db9a4c8,0x000000009dc00000)
 Metaspace       used 69930K, committed 71552K, reserved 1114112K
  class space    used 7497K, committed 8192K, reserved 1048576K
}
Event: 73.178 GC heap after
{Heap after GC invocations=665 (full 3):
 PSYoungGen      total 2560K, used 880K [0x00000000d5580000, 0x00000000d5900000, 0x0000000100000000)
  eden space 1536K, 0% used [0x00000000d5580000,0x00000000d5580000,0x00000000d5700000)
  from space 1024K, 85% used [0x00000000d5800000,0x00000000d58dc010,0x00000000d5900000)
  to   space 1024K, 0% used [0x00000000d5700000,0x00000000d5700000,0x00000000d5800000)
 ParOldGen       total 487936K, used 487809K [0x0000000080000000, 0x000000009dc80000, 0x00000000d5580000)
  object space 487936K, 99% used [0x0000000080000000,0x000000009dc604c8,0x000000009dc80000)
 Metaspace       used 69930K, committed 71552K, reserved 1114112K
  class space    used 7497K, committed 8192K, reserved 1048576K
}
Event: 73.202 GC heap before
{Heap before GC invocations=666 (full 3):
 PSYoungGen      total 2560K, used 2415K [0x00000000d5580000, 0x00000000d5900000, 0x0000000100000000)
  eden space 1536K, 99% used [0x00000000d5580000,0x00000000d56fffc8,0x00000000d5700000)
  from space 1024K, 85% used [0x00000000d5800000,0x00000000d58dc010,0x00000000d5900000)
  to   space 1024K, 0% used [0x00000000d5700000,0x00000000d5700000,0x00000000d5800000)
 ParOldGen       total 487936K, used 487809K [0x0000000080000000, 0x000000009dc80000, 0x00000000d5580000)
  object space 487936K, 99% used [0x0000000080000000,0x000000009dc604c8,0x000000009dc80000)
 Metaspace       used 69994K, committed 71616K, reserved 1114112K
  class space    used 7502K, committed 8192K, reserved 1048576K
}
Event: 73.207 GC heap after
{Heap after GC invocations=666 (full 3):
 PSYoungGen      total 2560K, used 776K [0x00000000d5580000, 0x00000000d5980000, 0x0000000100000000)
  eden space 1536K, 0% used [0x00000000d5580000,0x00000000d5580000,0x00000000d5700000)
  from space 1024K, 75% used [0x00000000d5700000,0x00000000d57c21e0,0x00000000d5800000)
  to   space 1024K, 0% used [0x00000000d5880000,0x00000000d5880000,0x00000000d5980000)
 ParOldGen       total 488960K, used 488609K [0x0000000080000000, 0x000000009dd80000, 0x00000000d5580000)
  object space 488960K, 99% used [0x0000000080000000,0x000000009dd284c8,0x000000009dd80000)
 Metaspace       used 69994K, committed 71616K, reserved 1114112K
  class space    used 7502K, committed 8192K, reserved 1048576K
}
Event: 73.310 GC heap before
{Heap before GC invocations=667 (full 3):
 PSYoungGen      total 2560K, used 2306K [0x00000000d5580000, 0x00000000d5980000, 0x0000000100000000)
  eden space 1536K, 99% used [0x00000000d5580000,0x00000000d56fe660,0x00000000d5700000)
  from space 1024K, 75% used [0x00000000d5700000,0x00000000d57c21e0,0x00000000d5800000)
  to   space 1024K, 0% used [0x00000000d5880000,0x00000000d5880000,0x00000000d5980000)
 ParOldGen       total 488960K, used 488609K [0x0000000080000000, 0x000000009dd80000, 0x00000000d5580000)
  object space 488960K, 99% used [0x0000000080000000,0x000000009dd284c8,0x000000009dd80000)
 Metaspace       used 70149K, committed 71808K, reserved 1114112K
  class space    used 7526K, committed 8256K, reserved 1048576K
}
Event: 73.313 GC heap after
{Heap after GC invocations=667 (full 3):
 PSYoungGen      total 2560K, used 128K [0x00000000d5580000, 0x00000000d5900000, 0x0000000100000000)
  eden space 2048K, 0% used [0x00000000d5580000,0x00000000d5580000,0x00000000d5780000)
  from space 512K, 25% used [0x00000000d5880000,0x00000000d58a0000,0x00000000d5900000)
  to   space 512K, 0% used [0x00000000d5800000,0x00000000d5800000,0x00000000d5880000)
 ParOldGen       total 489472K, used 489263K [0x0000000080000000, 0x000000009de00000, 0x00000000d5580000)
  object space 489472K, 99% used [0x0000000080000000,0x000000009ddcbe48,0x000000009de00000)
 Metaspace       used 70149K, committed 71808K, reserved 1114112K
  class space    used 7526K, committed 8256K, reserved 1048576K
}
Event: 73.747 GC heap before
{Heap before GC invocations=668 (full 3):
 PSYoungGen      total 2560K, used 2014K [0x00000000d5580000, 0x00000000d5900000, 0x0000000100000000)
  eden space 2048K, 92% used [0x00000000d5580000,0x00000000d5757ae0,0x00000000d5780000)
  from space 512K, 25% used [0x00000000d5880000,0x00000000d58a0000,0x00000000d5900000)
  to   space 512K, 0% used [0x00000000d5800000,0x00000000d5800000,0x00000000d5880000)
 ParOldGen       total 489472K, used 489263K [0x0000000080000000, 0x000000009de00000, 0x00000000d5580000)
  object space 489472K, 99% used [0x0000000080000000,0x000000009ddcbe48,0x000000009de00000)
 Metaspace       used 70324K, committed 72000K, reserved 1114112K
  class space    used 7547K, committed 8256K, reserved 1048576K
}
Event: 73.749 GC heap after
{Heap after GC invocations=668 (full 3):
 PSYoungGen      total 2560K, used 128K [0x00000000d5580000, 0x00000000d5900000, 0x0000000100000000)
  eden space 2048K, 0% used [0x00000000d5580000,0x00000000d5580000,0x00000000d5780000)
  from space 512K, 25% used [0x00000000d5800000,0x00000000d5820000,0x00000000d5880000)
  to   space 512K, 0% used [0x00000000d5880000,0x00000000d5880000,0x00000000d5900000)
 ParOldGen       total 489472K, used 489327K [0x0000000080000000, 0x000000009de00000, 0x00000000d5580000)
  object space 489472K, 99% used [0x0000000080000000,0x000000009dddbe48,0x000000009de00000)
 Metaspace       used 70324K, committed 72000K, reserved 1114112K
  class space    used 7547K, committed 8256K, reserved 1048576K
}
Event: 112.594 GC heap before
{Heap before GC invocations=669 (full 3):
 PSYoungGen      total 2560K, used 2176K [0x00000000d5580000, 0x00000000d5900000, 0x0000000100000000)
  eden space 2048K, 100% used [0x00000000d5580000,0x00000000d5780000,0x00000000d5780000)
  from space 512K, 25% used [0x00000000d5800000,0x00000000d5820000,0x00000000d5880000)
  to   space 512K, 0% used [0x00000000d5880000,0x00000000d5880000,0x00000000d5900000)
 ParOldGen       total 489472K, used 489327K [0x0000000080000000, 0x000000009de00000, 0x00000000d5580000)
  object space 489472K, 99% used [0x0000000080000000,0x000000009dddbe48,0x000000009de00000)
 Metaspace       used 70369K, committed 72064K, reserved 1114112K
  class space    used 7548K, committed 8256K, reserved 1048576K
}
Event: 112.600 GC heap after
{Heap after GC invocations=669 (full 3):
 PSYoungGen      total 2560K, used 96K [0x00000000d5580000, 0x00000000d5900000, 0x0000000100000000)
  eden space 2048K, 0% used [0x00000000d5580000,0x00000000d5580000,0x00000000d5780000)
  from space 512K, 18% used [0x00000000d5880000,0x00000000d5898000,0x00000000d5900000)
  to   space 512K, 0% used [0x00000000d5800000,0x00000000d5800000,0x00000000d5880000)
 ParOldGen       total 489472K, used 489415K [0x0000000080000000, 0x000000009de00000, 0x00000000d5580000)
  object space 489472K, 99% used [0x0000000080000000,0x000000009ddf1e48,0x000000009de00000)
 Metaspace       used 70369K, committed 72064K, reserved 1114112K
  class space    used 7548K, committed 8256K, reserved 1048576K
}
Event: 114.340 GC heap before
{Heap before GC invocations=670 (full 3):
 PSYoungGen      total 2560K, used 2085K [0x00000000d5580000, 0x00000000d5900000, 0x0000000100000000)
  eden space 2048K, 97% used [0x00000000d5580000,0x00000000d57714a0,0x00000000d5780000)
  from space 512K, 18% used [0x00000000d5880000,0x00000000d5898000,0x00000000d5900000)
  to   space 512K, 0% used [0x00000000d5800000,0x00000000d5800000,0x00000000d5880000)
 ParOldGen       total 489472K, used 489415K [0x0000000080000000, 0x000000009de00000, 0x00000000d5580000)
  object space 489472K, 99% used [0x0000000080000000,0x000000009ddf1e48,0x000000009de00000)
 Metaspace       used 70482K, committed 72064K, reserved 1114112K
  class space    used 7564K, committed 8256K, reserved 1048576K
}
Event: 114.345 GC heap after
{Heap after GC invocations=670 (full 3):
 PSYoungGen      total 2560K, used 283K [0x00000000d5580000, 0x00000000d5900000, 0x0000000100000000)
  eden space 2048K, 0% used [0x00000000d5580000,0x00000000d5580000,0x00000000d5780000)
  from space 512K, 55% used [0x00000000d5800000,0x00000000d5846e00,0x00000000d5880000)
  to   space 512K, 0% used [0x00000000d5880000,0x00000000d5880000,0x00000000d5900000)
 ParOldGen       total 489472K, used 489439K [0x0000000080000000, 0x000000009de00000, 0x00000000d5580000)
  object space 489472K, 99% used [0x0000000080000000,0x000000009ddf7e48,0x000000009de00000)
 Metaspace       used 70482K, committed 72064K, reserved 1114112K
  class space    used 7564K, committed 8256K, reserved 1048576K
}
Event: 114.368 GC heap before
{Heap before GC invocations=671 (full 3):
 PSYoungGen      total 2560K, used 1865K [0x00000000d5580000, 0x00000000d5900000, 0x0000000100000000)
  eden space 2048K, 77% used [0x00000000d5580000,0x00000000d570b7b8,0x00000000d5780000)
  from space 512K, 55% used [0x00000000d5800000,0x00000000d5846e00,0x00000000d5880000)
  to   space 512K, 0% used [0x00000000d5880000,0x00000000d5880000,0x00000000d5900000)
 ParOldGen       total 489472K, used 489439K [0x0000000080000000, 0x000000009de00000, 0x00000000d5580000)
  object space 489472K, 99% used [0x0000000080000000,0x000000009ddf7e48,0x000000009de00000)
 Metaspace       used 70482K, committed 72064K, reserved 1114112K
  class space    used 7564K, committed 8256K, reserved 1048576K
}
Event: 114.649 GC heap after
{Heap after GC invocations=671 (full 3):
 PSYoungGen      total 2560K, used 494K [0x00000000d5580000, 0x00000000d5900000, 0x0000000100000000)
  eden space 2048K, 0% used [0x00000000d5580000,0x00000000d5580000,0x00000000d5780000)
  from space 512K, 96% used [0x00000000d5880000,0x00000000d58fb800,0x00000000d5900000)
  to   space 512K, 0% used [0x00000000d5800000,0x00000000d5800000,0x00000000d5880000)
 ParOldGen       total 490496K, used 490325K [0x0000000080000000, 0x000000009df00000, 0x00000000d5580000)
  object space 490496K, 99% used [0x0000000080000000,0x000000009ded5658,0x000000009df00000)
 Metaspace       used 70482K, committed 72064K, reserved 1114112K
  class space    used 7564K, committed 8256K, reserved 1048576K
}

